Filter "validate" contains 7 data elements
Filter "train" contains 35 data elements
Filter "all" contains 42 data elements
Creating model, input shape [360, 360, 3]
Output shape: (None, 2, None, None, 4), parameters: 1219688
Feature model parameters: 1172256 (96.111%)
TRAIN PHASE: validated
Train on 35 data elements.
Validate on 7 data elements.
Training examples: 5008, loss: 0.004560, 66.59 training examples/s.
 Cat|  Total|  Found|     %|RMSE pos|RMSE or|Max  pos|Max  or|Missing|     %|    UFO|     %
   0|     13|     12| 92.31|    3.88|   4.44|    7.57|   8.86|      1|  7.69|      0|  0.00
   1|     18|     18|100.00|    2.71|   3.34|    5.39|   6.67|      0|  0.00|      0|  0.00
ALL |     31|     30| 96.77|    3.23|   3.82|    7.57|   8.86|      1|  3.23|      0|  0.00
Images 7, run time 2.341 s; per image min: 0.040, max: 2.094, mean: 0.334, median: 0.041
Training examples: 10016, loss: 0.000761, 68.08 training examples/s.
 Cat|  Total|  Found|     %|RMSE pos|RMSE or|Max  pos|Max  or|Missing|     %|    UFO|     %
   0|     13|     12| 92.31|    3.83|   4.47|    7.14|   8.53|      1|  7.69|      0|  0.00
   1|     18|     18|100.00|    2.93|   1.61|    5.41|   3.34|      0|  0.00|      0|  0.00
ALL |     31|     30| 96.77|    3.32|   3.09|    7.14|   8.53|      1|  3.23|      0|  0.00
Images 7, run time 1.042 s; per image min: 0.042, max: 0.783, mean: 0.149, median: 0.044
Training examples: 15024, loss: 0.000470, 69.10 training examples/s.
 Cat|  Total|  Found|     %|RMSE pos|RMSE or|Max  pos|Max  or|Missing|     %|    UFO|     %
   0|     13|     13|100.00|    3.01|   2.45|    4.74|   4.25|      0|  0.00|      0|  0.00
   1|     18|     18|100.00|    2.37|   1.81|    5.08|   4.83|      0|  0.00|      0|  0.00
ALL |     31|     31|100.00|    2.66|   2.10|    5.08|   4.83|      0|  0.00|      0|  0.00
Images 7, run time 1.011 s; per image min: 0.043, max: 0.748, mean: 0.144, median: 0.043
Training examples: 20032, loss: 0.000276, 68.74 training examples/s.
 Cat|  Total|  Found|     %|RMSE pos|RMSE or|Max  pos|Max  or|Missing|     %|    UFO|     %
   0|     13|     12| 92.31|    2.80|   1.82|    4.77|   3.22|      1|  7.69|      0|  0.00
   1|     18|     18|100.00|    2.42|   0.87|    4.70|   1.58|      0|  0.00|      0|  0.00
ALL |     31|     30| 96.77|    2.58|   1.34|    4.77|   3.22|      1|  3.23|      0|  0.00
Images 7, run time 1.023 s; per image min: 0.042, max: 0.760, mean: 0.146, median: 0.045
Training examples: 25040, loss: 0.000157, 68.17 training examples/s.
 Cat|  Total|  Found|     %|RMSE pos|RMSE or|Max  pos|Max  or|Missing|     %|    UFO|     %
   0|     13|     13|100.00|    2.82|   3.36|    4.76|   8.70|      0|  0.00|      0|  0.00
   1|     18|     18|100.00|    2.25|   1.28|    4.31|   2.75|      0|  0.00|      0|  0.00
ALL |     31|     31|100.00|    2.51|   2.39|    4.76|   8.70|      0|  0.00|      0|  0.00
Images 7, run time 1.060 s; per image min: 0.044, max: 0.792, mean: 0.151, median: 0.044
Training examples: 30048, loss: 0.000125, 68.33 training examples/s.
 Cat|  Total|  Found|     %|RMSE pos|RMSE or|Max  pos|Max  or|Missing|     %|    UFO|     %
   0|     13|     13|100.00|    2.79|   2.39|    4.47|   4.65|      0|  0.00|      0|  0.00
   1|     18|     18|100.00|    2.14|   0.83|    3.96|   1.75|      0|  0.00|      0|  0.00
ALL |     31|     31|100.00|    2.43|   1.67|    4.47|   4.65|      0|  0.00|      0|  0.00
Images 7, run time 1.003 s; per image min: 0.042, max: 0.748, mean: 0.143, median: 0.043
Training examples: 35056, loss: 0.000101, 67.65 training examples/s.
 Cat|  Total|  Found|     %|RMSE pos|RMSE or|Max  pos|Max  or|Missing|     %|    UFO|     %
   0|     13|     13|100.00|    2.57|   3.15|    4.45|   6.81|      0|  0.00|      0|  0.00
   1|     18|     18|100.00|    1.88|   1.48|    3.40|   3.60|      0|  0.00|      0|  0.00
ALL |     31|     31|100.00|    2.20|   2.33|    4.45|   6.81|      0|  0.00|      0|  0.00
Images 7, run time 1.621 s; per image min: 0.058, max: 1.140, mean: 0.232, median: 0.080
Training examples: 40064, loss: 0.000092, 68.72 training examples/s.
 Cat|  Total|  Found|     %|RMSE pos|RMSE or|Max  pos|Max  or|Missing|     %|    UFO|     %
   0|     13|     13|100.00|    3.06|   3.29|    6.27|   7.06|      0|  0.00|      0|  0.00
   1|     18|     18|100.00|    1.77|   1.84|    3.53|   3.92|      0|  0.00|      0|  0.00
ALL |     31|     31|100.00|    2.40|   2.55|    6.27|   7.06|      0|  0.00|      0|  0.00
Images 7, run time 1.332 s; per image min: 0.043, max: 1.065, mean: 0.190, median: 0.044
Training examples: 45072, loss: 0.000078, 67.64 training examples/s.
 Cat|  Total|  Found|     %|RMSE pos|RMSE or|Max  pos|Max  or|Missing|     %|    UFO|     %
   0|     13|     13|100.00|    2.70|   3.64|    4.72|   7.11|      0|  0.00|      0|  0.00
   1|     18|     18|100.00|    2.11|   1.36|    4.25|   2.50|      0|  0.00|      0|  0.00
ALL |     31|     31|100.00|    2.37|   2.58|    4.72|   7.11|      0|  0.00|      0|  0.00
Images 7, run time 1.098 s; per image min: 0.042, max: 0.833, mean: 0.157, median: 0.045
Training examples: 50000, loss: 0.000070, 67.12 training examples/s.
 Cat|  Total|  Found|     %|RMSE pos|RMSE or|Max  pos|Max  or|Missing|     %|    UFO|     %
   0|     13|     13|100.00|    2.58|   2.06|    4.35|   4.32|      0|  0.00|      0|  0.00
   1|     18|     18|100.00|    2.11|   0.97|    3.77|   2.07|      0|  0.00|      0|  0.00
ALL |     31|     31|100.00|    2.32|   1.53|    4.35|   4.32|      0|  0.00|      0|  0.00
Images 7, run time 1.103 s; per image min: 0.042, max: 0.764, mean: 0.158, median: 0.044
TRAIN PHASE: final
Train on 42 data elements.
Validate on 42 data elements.
Training examples: 5008, loss: 0.000091, 67.22 training examples/s.
 Cat|  Total|  Found|     %|RMSE pos|RMSE or|Max  pos|Max  or|Missing|     %|    UFO|     %
   0|     84|     84|100.00|    1.92|   1.85|    4.25|   4.97|      0|  0.00|      0|  0.00
   1|     98|     98|100.00|    1.63|   1.76|    3.65|   4.79|      0|  0.00|      0|  0.00
ALL |    182|    182|100.00|    1.77|   1.81|    4.25|   4.97|      0|  0.00|      0|  0.00
Images 42, run time 2.678 s; per image min: 0.042, max: 0.786, mean: 0.064, median: 0.043
Training examples: 10016, loss: 0.000059, 68.31 training examples/s.
 Cat|  Total|  Found|     %|RMSE pos|RMSE or|Max  pos|Max  or|Missing|     %|    UFO|     %
   0|     84|     84|100.00|    1.89|   2.31|    3.85|   5.64|      0|  0.00|      0|  0.00
   1|     98|     98|100.00|    1.58|   1.15|    3.50|   3.65|      0|  0.00|      0|  0.00
ALL |    182|    182|100.00|    1.73|   1.78|    3.85|   5.64|      0|  0.00|      0|  0.00
Images 42, run time 2.670 s; per image min: 0.041, max: 0.850, mean: 0.064, median: 0.044
Training examples: 15024, loss: 0.000284, 68.36 training examples/s.
 Cat|  Total|  Found|     %|RMSE pos|RMSE or|Max  pos|Max  or|Missing|     %|    UFO|     %
   0|     84|     84|100.00|    2.05|   2.07|    4.55|   4.67|      0|  0.00|      0|  0.00
   1|     98|     98|100.00|    1.62|   1.23|    3.80|   2.94|      0|  0.00|      0|  0.00
ALL |    182|    182|100.00|    1.83|   1.67|    4.55|   4.67|      0|  0.00|      0|  0.00
Images 42, run time 2.616 s; per image min: 0.041, max: 0.840, mean: 0.062, median: 0.043
Training examples: 20032, loss: 0.000066, 69.01 training examples/s.
 Cat|  Total|  Found|     %|RMSE pos|RMSE or|Max  pos|Max  or|Missing|     %|    UFO|     %
   0|     84|     84|100.00|    1.82|   1.74|    4.16|   6.12|      0|  0.00|      0|  0.00
   1|     98|     98|100.00|    1.52|   1.15|    3.66|   3.66|      0|  0.00|      0|  0.00
ALL |    182|    182|100.00|    1.67|   1.46|    4.16|   6.12|      0|  0.00|      0|  0.00
Images 42, run time 2.643 s; per image min: 0.042, max: 0.844, mean: 0.063, median: 0.043
Training examples: 25008, loss: 0.000052, 68.86 training examples/s.
 Cat|  Total|  Found|     %|RMSE pos|RMSE or|Max  pos|Max  or|Missing|     %|    UFO|     %
   0|     84|     84|100.00|    1.70|   1.88|    4.16|   5.35|      0|  0.00|      0|  0.00
   1|     98|     98|100.00|    1.48|   1.07|    3.47|   2.94|      0|  0.00|      0|  0.00
ALL |    182|    182|100.00|    1.59|   1.50|    4.16|   5.35|      0|  0.00|      0|  0.00
Images 42, run time 2.711 s; per image min: 0.042, max: 0.862, mean: 0.065, median: 0.045
